  event_detect_in_class.cpp
  event_detect_in_class_node.cpp
  json_reader.cpp
  json_value.cpp
F:\202011MEC交通开发\code\traffic_index\json_value.cpp(128,31): warning C4267: “=”: 从“size_t”转换到“unsigned int”，可能丢失数据
  json_writer.cpp
F:\202011MEC交通开发\code\traffic_index\json_writer.cpp(343,67): warning C4267: “参数”: 从“size_t”转换到“unsigned int”，可能丢失数据
F:\202011MEC交通开发\code\traffic_index\json_writer.cpp(896,72): warning C4267: “参数”: 从“size_t”转换到“unsigned int”，可能丢失数据
  traffic_incident.cpp
F:\202011MEC交通开发\code\traffic_index\traffic_incident.cpp(322,32): warning C4267: “初始化”: 从“size_t”转换到“int”，可能丢失数据
F:\202011MEC交通开发\code\traffic_index\traffic_incident.cpp(352,45): warning C4267: “初始化”: 从“size_t”转换到“int”，可能丢失数据
F:\202011MEC交通开发\code\traffic_index\traffic_incident.cpp(366,34): warning C4267: “初始化”: 从“size_t”转换到“int”，可能丢失数据
F:\202011MEC交通开发\code\traffic_index\traffic_incident.cpp(477,46): warning C4267: “=”: 从“size_t”转换到“int”，可能丢失数据
F:\202011MEC交通开发\code\traffic_index\traffic_incident.cpp(484,69): warning C4267: “参数”: 从“size_t”转换到“int”，可能丢失数据
F:\202011MEC交通开发\code\traffic_index\traffic_incident.cpp(489,71): warning C4267: “参数”: 从“size_t”转换到“int”，可能丢失数据
F:\202011MEC交通开发\code\traffic_index\traffic_incident.cpp(520,3): warning C4267: “初始化”: 从“size_t”转换到“int”，可能丢失数据
F:\202011MEC交通开发\code\traffic_index\traffic_incident.cpp(528,38): warning C4267: “=”: 从“size_t”转换到“int”，可能丢失数据
F:\202011MEC交通开发\code\traffic_index\traffic_incident.cpp(833,34): warning C4267: “初始化”: 从“size_t”转换到“int”，可能丢失数据
F:\202011MEC交通开发\code\traffic_index\traffic_incident.cpp(927,24): warning C4244: “初始化”: 从“double”转换到“int”，可能丢失数据
  正在生成代码...
  traffic_index.vcxproj -> F:\202011MEC交通开发\code\traffic_index\x64\Debug\traffic_index.exe
