  traffic_index.cpp
f:\202011mec交通开发\code\traffic_index\traffic_index.h(15): warning C4305: “初始化”: 从“double”到“float”截断
f:\202011mec交通开发\code\traffic_index\traffic_index.h(256): warning C4018: “<”: 有符号/无符号不匹配
f:\202011mec交通开发\code\traffic_index\traffic_index.cpp(130): warning C4018: “<”: 有符号/无符号不匹配
f:\202011mec交通开发\code\traffic_index\traffic_index.cpp(132): warning C4018: “<”: 有符号/无符号不匹配
f:\202011mec交通开发\code\traffic_index\traffic_index.cpp(138): warning C4018: “<”: 有符号/无符号不匹配
f:\202011mec交通开发\code\traffic_index\traffic_index.cpp(139): warning C4018: “<”: 有符号/无符号不匹配
f:\202011mec交通开发\code\traffic_index\traffic_index.cpp(157): warning C4018: “<”: 有符号/无符号不匹配
f:\202011mec交通开发\code\traffic_index\traffic_index.cpp(184): warning C4018: “<”: 有符号/无符号不匹配
f:\202011mec交通开发\code\traffic_index\traffic_index.cpp(244): warning C4018: “<”: 有符号/无符号不匹配
f:\202011mec交通开发\code\traffic_index\traffic_index.cpp(248): warning C4244: “=”: 从“double”转换到“int”，可能丢失数据
f:\202011mec交通开发\code\traffic_index\traffic_index.cpp(354): warning C4018: “<”: 有符号/无符号不匹配
f:\202011mec交通开发\code\traffic_index\traffic_index.cpp(362): warning C4018: “<”: 有符号/无符号不匹配
f:\202011mec交通开发\code\traffic_index\traffic_index.cpp(363): warning C4018: “<”: 有符号/无符号不匹配
f:\202011mec交通开发\code\traffic_index\traffic_index.cpp(366): warning C4018: “>=”: 有符号/无符号不匹配
f:\202011mec交通开发\code\traffic_index\traffic_index.cpp(379): warning C4018: “<”: 有符号/无符号不匹配
f:\202011mec交通开发\code\traffic_index\traffic_index.cpp(381): warning C4018: “>=”: 有符号/无符号不匹配
f:\202011mec交通开发\code\traffic_index\traffic_index.cpp(412): warning C4018: “<”: 有符号/无符号不匹配
f:\202011mec交通开发\code\traffic_index\traffic_index.cpp(660): warning C4244: “参数”: 从“double”转换到“int”，可能丢失数据
f:\202011mec交通开发\code\traffic_index\traffic_index.cpp(666): warning C4244: “参数”: 从“double”转换到“int”，可能丢失数据
f:\202011mec交通开发\code\traffic_index\traffic_index.cpp(669): warning C4018: “<”: 有符号/无符号不匹配
  正在生成代码
  0 of 2867 functions ( 0.0%) were compiled, the rest were copied from previous compilation.
    0 functions were new in current compilation
    0 functions had inline decision re-evaluated but remain unchanged
  已完成代码的生成
  traffic_index.vcxproj -> F:\202011MEC交通开发\code\traffic_index\Release\traffic_index.exe
