  traffic_index.cpp
f:\202011mec交通开发\code\traffic_index\traffic_index.cpp(68): warning C4267: “初始化”: 从“size_t”转换到“int”，可能丢失数据
f:\202011mec交通开发\code\traffic_index\traffic_index.cpp(88): warning C4267: “初始化”: 从“size_t”转换到“int”，可能丢失数据
f:\202011mec交通开发\code\traffic_index\traffic_index.cpp(159): warning C4267: “初始化”: 从“size_t”转换到“int”，可能丢失数据
f:\202011mec交通开发\code\traffic_index\traffic_index.cpp(185): warning C4267: “初始化”: 从“size_t”转换到“int”，可能丢失数据
f:\202011mec交通开发\code\traffic_index\traffic_index.cpp(270): warning C4267: “初始化”: 从“size_t”转换到“int”，可能丢失数据
f:\202011mec交通开发\code\traffic_index\traffic_index.cpp(283): warning C4267: “初始化”: 从“size_t”转换到“int”，可能丢失数据
f:\202011mec交通开发\code\traffic_index\traffic_index.cpp(342): warning C4267: “初始化”: 从“size_t”转换到“int”，可能丢失数据
f:\202011mec交通开发\code\traffic_index\traffic_index.cpp(390): warning C4267: “=”: 从“size_t”转换到“int”，可能丢失数据
f:\202011mec交通开发\code\traffic_index\traffic_index.cpp(397): warning C4267: “参数”: 从“size_t”转换到“int”，可能丢失数据
f:\202011mec交通开发\code\traffic_index\traffic_index.cpp(402): warning C4267: “参数”: 从“size_t”转换到“int”，可能丢失数据
f:\202011mec交通开发\code\traffic_index\traffic_index.cpp(434): warning C4267: “初始化”: 从“size_t”转换到“int”，可能丢失数据
f:\202011mec交通开发\code\traffic_index\traffic_index.cpp(442): warning C4267: “=”: 从“size_t”转换到“int”，可能丢失数据
f:\202011mec交通开发\code\traffic_index\traffic_index.cpp(622): warning C4267: “初始化”: 从“size_t”转换到“int”，可能丢失数据
  正在生成代码
  0 of 2563 functions ( 0.0%) were compiled, the rest were copied from previous compilation.
    0 functions were new in current compilation
    0 functions had inline decision re-evaluated but remain unchanged
  已完成代码的生成
  traffic_index.vcxproj -> F:\202011MEC交通开发\code\traffic_index\x64\Release\traffic_index.exe
